<?xml version="1.0" encoding="UTF-8"?>
<testsuite name="REST Project.REST_API_TESTCASES" tests="5" failures="0" errors="0" time="22.524"><properties><property name="java.runtime.name" value="Java(TM) SE Runtime Environment"/><property name="sun.boot.library.path" value="C:\Java\jdk1.8.0_161\jre\bin"/><property name="java.vm.version" value="25.161-b12"/><property name="maven.multiModuleProjectDirectory" value="C:\Manasa\API Testing Training\Project\Maven_Executables\my-restproject"/><property name="java.vm.vendor" value="Oracle Corporation"/><property name="java.vendor.url" value="http://java.oracle.com/"/><property name="guice.disable.misplaced.annotation.check" value="true"/><property name="path.separator" value=";"/><property name="java.vm.name" value="Java HotSpot(TM) 64-Bit Server VM"/><property name="file.encoding.pkg" value="sun.io"/><property name="user.country" value="IN"/><property name="user.script" value=""/><property name="sun.java.launcher" value="SUN_STANDARD"/><property name="sun.os.patch.level" value=""/><property name="java.vm.specification.name" value="Java Virtual Machine Specification"/><property name="user.dir" value="C:\Manasa\API Testing Training\Project\Maven_Executables\my-restproject"/><property name="java.runtime.version" value="1.8.0_161-b12"/><property name="java.awt.graphicsenv" value="sun.awt.Win32GraphicsEnvironment"/><property name="java.endorsed.dirs" value="C:\Java\jdk1.8.0_161\jre\lib\endorsed"/><property name="os.arch" value="amd64"/><property name="java.io.tmpdir" value="C:\Users\MANASA~1\AppData\Local\Temp\"/><property name="line.separator" value="
"/><property name="java.vm.specification.vendor" value="Oracle Corporation"/><property name="user.variant" value=""/><property name="os.name" value="Windows 10"/><property name="classworlds.conf" value="C:\Manasa\API Testing Training\Jenkins and Maven\apache-maven-3.6.2-bin\apache-maven-3.6.2\bin\..\bin\m2.conf"/><property name="sun.jnu.encoding" value="Cp1252"/><property name="java.library.path" value="C:\Java\jdk1.8.0_161\bin;C:\WINDOWS\Sun\Java\bin;C:\WINDOWS\system32;C:\WINDOWS;c:\Program Files (x86)\Serena\Dimensions\CM\prog;c:\Program Files (x86)\Serena\Dimensions\CM\prog\Microsoft.VC80.MFC;c:\Program Files (x86)\Serena\Dimensions\CM\prog\Microsoft.VC80.CRT;c:\Program Files (x86)\Serena\Dimensions\CM\prog\Microsoft.VC80.ATL;C:\WINDOWS\system32;C:\WINDOWS;C:\WINDOWS\System32\Wbem;C:\WINDOWS\System32\WindowsPowerShell\v1.0\;C:\WINDOWS\System32\OpenSSH\;C:\Program Files (x86)\Microsoft SQL Server\100\Tools\Binn\;C:\Program Files\Microsoft SQL Server\100\Tools\Binn\;C:\Program Files\Microsoft SQL Server\100\DTS\Binn\;C:\Program Files (x86)\Microsoft SQL Server\100\Tools\Binn\VSShell\Common7\IDE\;C:\Program Files (x86)\Microsoft Visual Studio 9.0\Common7\IDE\PrivateAssemblies\;C:\Program Files (x86)\Microsoft SQL Server\100\DTS\Binn\;C:\Java\jdk1.8.0_161\bin;C:\Program Files\Intel\WiFi\bin\;C:\Program Files\Common Files\Intel\WirelessCommon\;C:\Program Files (x86)\Webex\Webex\Applications;C:\Program Files (x86)\HP\Unified Functional Testing\bin;C:\Program Files (x86)\Intel\Intel(R) Management Engine Components\DAL;C:\Program Files\Intel\Intel(R) Management Engine Components\DAL;C:\Program Files\Git\cmd;C:\Program Files\Git\mingw64\bin;C:\Program Files\Git\usr\bin;C:\Manasa\API Testing Training\Jenkins and Maven\apache-maven-3.6.2-bin\apache-maven-3.6.2\bin;C:\Users\MANASANARAYAN\AppData\Local\Microsoft\WindowsApps;C:\Java\jdk1.8.0_161\bin;C:\Program Files\Intel\WiFi\bin\;C:\Program Files\Common Files\Intel\WirelessCommon\;C:\Manasa\API Testing Training\Jenkins and Maven\apache-maven-3.6.2-bin\apache-maven-3.6.2\bin;;."/><property name="maven.conf" value="C:\Manasa\API Testing Training\Jenkins and Maven\apache-maven-3.6.2-bin\apache-maven-3.6.2\bin\../conf"/><property name="sun.awt.enableExtraMouseButtons" value="true"/><property name="java.specification.name" value="Java Platform API Specification"/><property name="java.class.version" value="52.0"/><property name="sun.management.compiler" value="HotSpot 64-Bit Tiered Compilers"/><property name="os.version" value="10.0"/><property name="library.jansi.path" value="C:\Manasa\API Testing Training\Jenkins and Maven\apache-maven-3.6.2-bin\apache-maven-3.6.2\bin\..\lib\jansi-native"/><property name="user.home" value="C:\Users\MANASANARAYAN"/><property name="user.timezone" value="Asia/Calcutta"/><property name="java.awt.printerjob" value="sun.awt.windows.WPrinterJob"/><property name="file.encoding" value="Cp1252"/><property name="java.specification.version" value="1.8"/><property name="java.class.path" value="C:\Manasa\API Testing Training\Jenkins and Maven\apache-maven-3.6.2-bin\apache-maven-3.6.2\bin\..\boot\plexus-classworlds-2.6.0.jar"/><property name="user.name" value="MANASANARAYAN"/><property name="java.vm.specification.version" value="1.8"/><property name="sun.java.command" value="org.codehaus.plexus.classworlds.launcher.Launcher site"/><property name="java.home" value="C:\Java\jdk1.8.0_161\jre"/><property name="sun.arch.data.model" value="64"/><property name="user.language" value="en"/><property name="java.specification.vendor" value="Oracle Corporation"/><property name="awt.toolkit" value="sun.awt.windows.WToolkit"/><property name="java.vm.info" value="mixed mode"/><property name="java.version" value="1.8.0_161"/><property name="java.ext.dirs" value="C:\Java\jdk1.8.0_161\jre\lib\ext;C:\WINDOWS\Sun\Java\lib\ext"/><property name="sun.boot.class.path" value="C:\Java\jdk1.8.0_161\jre\lib\resources.jar;C:\Java\jdk1.8.0_161\jre\lib\rt.jar;C:\Java\jdk1.8.0_161\jre\lib\sunrsasign.jar;C:\Java\jdk1.8.0_161\jre\lib\jsse.jar;C:\Java\jdk1.8.0_161\jre\lib\jce.jar;C:\Java\jdk1.8.0_161\jre\lib\charsets.jar;C:\Java\jdk1.8.0_161\jre\lib\jfr.jar;C:\Java\jdk1.8.0_161\jre\classes"/><property name="java.vendor" value="Oracle Corporation"/><property name="sun.stderr.encoding" value="cp437"/><property name="maven.home" value="C:\Manasa\API Testing Training\Jenkins and Maven\apache-maven-3.6.2-bin\apache-maven-3.6.2\bin\.."/><property name="file.separator" value="\"/><property name="java.vendor.url.bug" value="http://bugreport.sun.com/bugreport/"/><property name="sun.io.unicode.encoding" value="UnicodeLittle"/><property name="sun.cpu.endian" value="little"/><property name="sun.stdout.encoding" value="cp437"/><property name="sun.desktop" value="windows"/><property name="sun.cpu.isalist" value="amd64"/></properties><testcase name="Get Token and Login" time="1.555"/><testcase name="Property Expansion_Transfer_System Test_Assertion" time="6.128"/><testcase name="DataDriven" time="8.721"/><testcase name="Property Expansion_Transfer_System Test_Assertion" time="4.706"/><testcase name="Database_Script Assertion" time="1.414"/></testsuite>